<?xml version="1.0" encoding="UTF-8"?>
<!-- Generated by org.testng.reporters.JUnitXMLReporter -->
<testsuite hostname="LAPTOP-BFUTEFC0" ignored="0" name="ietest" tests="1" failures="0" timestamp="24 Nov 2020 01:31:03 GMT" time="0.176" errors="0">
  <testcase name="@BeforeClass setup" time="0.139" classname="com.ecommerce.testbase.Testbase">
    <failure type="java.lang.IllegalStateException" message="The driver executable does not exist: C:\Users\prasa\eclipse-workspace\ecommerce\Drivers\IEDriverServer.exe">
      <![CDATA[java.lang.IllegalStateException: The driver executable does not exist: C:\Users\prasa\eclipse-workspace\ecommerce\Drivers\IEDriverServer.exe
at com.google.common.base.Preconditions.checkState(Preconditions.java:589)
at org.openqa.selenium.remote.service.DriverService.checkExecutable(DriverService.java:154)
at org.openqa.selenium.remote.service.DriverService.findExecutable(DriverService.java:149)
at org.openqa.selenium.ie.InternetExplorerDriverService.access$000(InternetExplorerDriverService.java:36)
at org.openqa.selenium.ie.InternetExplorerDriverService$Builder.findDefaultExecutable(InternetExplorerDriverService.java:182)
at org.openqa.selenium.remote.service.DriverService$Builder.build(DriverService.java:389)
at org.openqa.selenium.ie.InternetExplorerDriver.setupService(InternetExplorerDriver.java:245)
at org.openqa.selenium.ie.InternetExplorerDriver.<init>(InternetExplorerDriver.java:176)
at org.openqa.selenium.ie.InternetExplorerDriver.<init>(InternetExplorerDriver.java:142)
at com.ecommerce.testbase.Testbase.setup(Testbase.java:57)
... Removed 26 stack frames]]>
    </failure>
  </testcase> <!-- @BeforeClass setup -->
  <testcase name="@AfterClass teardown" time="0.0" classname="com.ecommerce.testbase.Testbase">
    <skipped/>
  </testcase> <!-- @AfterClass teardown -->
  <testcase name="logintest" time="0.0" classname="com.ecommerce.testcases.TC_Logintest_001">
    <skipped/>
  </testcase> <!-- logintest -->
</testsuite> <!-- ietest -->
