<?xml version="1.0" encoding="UTF-8"?>
<testsuite xmlns:xsi="http://www.w3.org/2001/XMLSchema-instance" xsi:noNamespaceSchemaLocation="https://maven.apache.org/surefire/maven-surefire-plugin/xsd/surefire-test-report-3.0.xsd" version="3.0" name="TestSuite" time="45.732" tests="2" errors="0" skipped="0" failures="0">
  <properties>
[...]
</properties>
  <testcase name="logintest" classname="com.ecommerce.testcases.TC_Logintest_001" time="9.96">
    <system-out><![CDATA[[TestNGContentHandler] [WARN] It is strongly recommended to add "<!DOCTYPE suite SYSTEM "http://testng.org/testng-1.0.dtd" >" at the top of your file, otherwise TestNG may fail or not work as expected.
]]></system-out>
    <system-err><![CDATA[SLF4J: Failed to load class "org.slf4j.impl.StaticLoggerBinder".
SLF4J: Defaulting to no-operation (NOP) logger implementation
SLF4J: See http://www.slf4j.org/codes.html#StaticLoggerBinder for further details.
log4j:WARN No appenders could be found for logger (io.netty.util.internal.logging.InternalLoggerFactory).
log4j:WARN Please initialize the log4j system properly.
log4j:WARN See http://logging.apache.org/log4j/1.2/faq.html#noconfig for more info.
SSttaarrttiinngg  CChhrroommeeDDrriivveerr  8877..00..4428208.08.88 8(8 (98e293e8230a830ea336e3c63c3446644bb5d5dd1d310320324394b19b3183258429524990d2-9r0edfs-/rberfasnc/bh-rhaenacdhs-/h4e2a8d0s@/{4#21870@6{1#}1)7 6on1 }p)or to n3 32p1o2r
tO n9l6y2 5loc
aOln lcyo nlnocecatli ocnonsn eacrte iaonlls oawrede. a
lPlloweaeds.e 
sePlee hastet pss:e/e /hcthtrposm:e/d/rcihvrero.mcehdrormiiuvemr..ochrrgo/msieucmu.roirtyg/-scoencsuiridteyr-atcioonnssi dfoerra tsiugonges sftioor nss uoggne sketieopninsg  oChnr okmeeDerpivienrg  Csafhero.me
Driver safe.
ChromeDriver was started successfully.
ChromeDriver was started successfully.
Dec 05, 2020 1:35:57 PM org.openqa.selenium.remote.ProtocolHandshake createSession
INFO: Detected dialect: W3C
Dec 05, 2020 1:35:57 PM org.openqa.selenium.remote.ProtocolHandshake createSession
INFO: Detected dialect: W3C
]]></system-err>
  </testcase>
  <testcase name="addnewCust" classname="com.ecommerce.testcases.TC_AdnwCust_003" time="36.648"/>
</testsuite>